<?xml version="1.0" encoding="UTF-8"?>
<!-- Generated by org.testng.reporters.JUnitReportReporter -->
<testsuite hostname="LAPTOP-8PTERDEC" failures="0" tests="1" name="tests.TC_AddToCart" time="648.965" errors="0" timestamp="2021-02-05T01:04:14 IST" skipped="0">
  <testcase classname="tests.TC_AddToCart" name="addHighestPriceProductToCart" time="648.965"/>
  <system-out/>
</testsuite> <!-- tests.TC_AddToCart -->
