<?xml version="1.0" encoding="UTF-8"?>
<!-- Generated by org.testng.reporters.JUnitReportReporter -->
<testsuite hostname="LAPTOP-8PTERDEC" failures="0" tests="1" name="istox.browserlaunch" time="26.551" errors="0" timestamp="2021-02-03T00:45:37 IST" skipped="0">
  <testcase classname="istox.browserlaunch" name="navigation" time="26.551"/>
  <system-out/>
</testsuite> <!-- istox.browserlaunch -->
